# JRE version: Java(TM) SE Runtime Environment 18.9 (11.0.8+10) (build 11.0.8+10-LTS)
# Java VM: Java HotSpot(TM) 64-Bit Server VM 18.9 (11.0.8+10-LTS, mixed mode, tiered, compressed oops, parallel gc, bsd-amd64)
Heap:
 PSYoungGen      total 5632K, used 4859K [0x00000007eab00000, 0x00000007eb180000, 0x0000000800000000)
  eden space 5120K, 89% used [0x00000007eab00000,0x00000007eaf7ece8,0x00000007eb000000)
  from space 512K, 50% used [0x00000007eb080000,0x00000007eb0c0000,0x00000007eb100000)
  to   space 512K, 0% used [0x00000007eb100000,0x00000007eb100000,0x00000007eb180000)
 ParOldGen       total 289280K, used 261085K [0x00000007c0000000, 0x00000007d1a80000, 0x00000007eab00000)
  object space 289280K, 90% used [0x00000007c0000000,0x00000007cfef7470,0x00000007d1a80000)
 Metaspace       used 95591K, capacity 100125K, committed 100696K, reserved 1140736K
  class space    used 8673K, capacity 10196K, committed 10368K, reserved 1048576K
GC Heap History (10 events):
Event: 11381.089 GC heap before
{Heap before GC invocations=6122 (full 83):
 PSYoungGen      total 4096K, used 3648K [0x00000007eab00000, 0x00000007eb180000, 0x0000000800000000)
  eden space 2048K, 100% used [0x00000007eab00000,0x00000007ead00000,0x00000007ead00000)
  from space 2048K, 78% used [0x00000007eaf80000,0x00000007eb110000,0x00000007eb180000)
  to   space 2048K, 0% used [0x00000007ead80000,0x00000007ead80000,0x00000007eaf80000)
 ParOldGen       total 289280K, used 256940K [0x00000007c0000000, 0x00000007d1a80000, 0x00000007eab00000)
  object space 289280K, 88% used [0x00000007c0000000,0x00000007cfaeb350,0x00000007d1a80000)
 Metaspace       used 95582K, capacity 100125K, committed 100696K, reserved 1140736K
  class space    used 8673K, capacity 10196K, committed 10368K, reserved 1048576K
}
Event: 11381.094 GC heap after
{Heap after GC invocations=6122 (full 83):
 PSYoungGen      total 4608K, used 2048K [0x00000007eab00000, 0x00000007eb580000, 0x0000000800000000)
  eden space 2560K, 0% used [0x00000007eab00000,0x00000007eab00000,0x00000007ead80000)
  from space 2048K, 100% used [0x00000007ead80000,0x00000007eaf80000,0x00000007eaf80000)
  to   space 4096K, 0% used [0x00000007eb180000,0x00000007eb180000,0x00000007eb580000)
 ParOldGen       total 289280K, used 258500K [0x00000007c0000000, 0x00000007d1a80000, 0x00000007eab00000)
  object space 289280K, 89% used [0x00000007c0000000,0x00000007cfc71350,0x00000007d1a80000)
 Metaspace       used 95582K, capacity 100125K, committed 100696K, reserved 1140736K
  class space    used 8673K, capacity 10196K, committed 10368K, reserved 1048576K
}
Event: 11381.875 GC heap before
{Heap before GC invocations=6123 (full 83):
 PSYoungGen      total 4608K, used 4608K [0x00000007eab00000, 0x00000007eb580000, 0x0000000800000000)
  eden space 2560K, 100% used [0x00000007eab00000,0x00000007ead80000,0x00000007ead80000)
  from space 2048K, 100% used [0x00000007ead80000,0x00000007eaf80000,0x00000007eaf80000)
  to   space 4096K, 0% used [0x00000007eb180000,0x00000007eb180000,0x00000007eb580000)
 ParOldGen       total 289280K, used 258500K [0x00000007c0000000, 0x00000007d1a80000, 0x00000007eab00000)
  object space 289280K, 89% used [0x00000007c0000000,0x00000007cfc71350,0x00000007d1a80000)
 Metaspace       used 95582K, capacity 100125K, committed 100696K, reserved 1140736K
  class space    used 8673K, capacity 10196K, committed 10368K, reserved 1048576K
}
Event: 11381.878 GC heap after
{Heap after GC invocations=6123 (full 83):
 PSYoungGen      total 3584K, used 352K [0x00000007eab00000, 0x00000007eb200000, 0x0000000800000000)
  eden space 3072K, 0% used [0x00000007eab00000,0x00000007eab00000,0x00000007eae00000)
  from space 512K, 68% used [0x00000007eb180000,0x00000007eb1d8000,0x00000007eb200000)
  to   space 2048K, 0% used [0x00000007eae00000,0x00000007eae00000,0x00000007eb000000)
 ParOldGen       total 289280K, used 260516K [0x00000007c0000000, 0x00000007d1a80000, 0x00000007eab00000)
  object space 289280K, 90% used [0x00000007c0000000,0x00000007cfe69350,0x00000007d1a80000)
 Metaspace       used 95582K, capacity 100125K, committed 100696K, reserved 1140736K
  class space    used 8673K, capacity 10196K, committed 10368K, reserved 1048576K
}
Event: 11384.090 GC heap before
{Heap before GC invocations=6124 (full 83):
 PSYoungGen      total 3584K, used 3424K [0x00000007eab00000, 0x00000007eb200000, 0x0000000800000000)
  eden space 3072K, 100% used [0x00000007eab00000,0x00000007eae00000,0x00000007eae00000)
  from space 512K, 68% used [0x00000007eb180000,0x00000007eb1d8000,0x00000007eb200000)
  to   space 2048K, 0% used [0x00000007eae00000,0x00000007eae00000,0x00000007eb000000)
 ParOldGen       total 289280K, used 260516K [0x00000007c0000000, 0x00000007d1a80000, 0x00000007eab00000)
  object space 289280K, 90% used [0x00000007c0000000,0x00000007cfe69350,0x00000007d1a80000)
 Metaspace       used 95587K, capacity 100125K, committed 100696K, reserved 1140736K
  class space    used 8673K, capacity 10196K, committed 10368K, reserved 1048576K
}
Event: 11384.094 GC heap after
{Heap after GC invocations=6124 (full 83):
 PSYoungGen      total 5120K, used 400K [0x00000007eab00000, 0x00000007eb200000, 0x0000000800000000)
  eden space 3072K, 0% used [0x00000007eab00000,0x00000007eab00000,0x00000007eae00000)
  from space 2048K, 19% used [0x00000007eae00000,0x00000007eae64040,0x00000007eb000000)
  to   space 1024K, 0% used [0x00000007eb100000,0x00000007eb100000,0x00000007eb200000)
 ParOldGen       total 289280K, used 260644K [0x00000007c0000000, 0x00000007d1a80000, 0x00000007eab00000)
  object space 289280K, 90% used [0x00000007c0000000,0x00000007cfe89360,0x00000007d1a80000)
 Metaspace       used 95587K, capacity 100125K, committed 100696K, reserved 1140736K
  class space    used 8673K, capacity 10196K, committed 10368K, reserved 1048576K
}
Event: 11384.109 GC heap before
{Heap before GC invocations=6125 (full 83):
 PSYoungGen      total 5120K, used 3472K [0x00000007eab00000, 0x00000007eb200000, 0x0000000800000000)
  eden space 3072K, 100% used [0x00000007eab00000,0x00000007eae00000,0x00000007eae00000)
  from space 2048K, 19% used [0x00000007eae00000,0x00000007eae64040,0x00000007eb000000)
  to   space 1024K, 0% used [0x00000007eb100000,0x00000007eb100000,0x00000007eb200000)
 ParOldGen       total 289280K, used 260644K [0x00000007c0000000, 0x00000007d1a80000, 0x00000007eab00000)
  object space 289280K, 90% used [0x00000007c0000000,0x00000007cfe89360,0x00000007d1a80000)
 Metaspace       used 95591K, capacity 100125K, committed 100696K, reserved 1140736K
  class space    used 8673K, capacity 10196K, committed 10368K, reserved 1048576K
}
Event: 11384.116 GC heap after
{Heap after GC invocations=6125 (full 83):
 PSYoungGen      total 4608K, used 160K [0x00000007eab00000, 0x00000007eb180000, 0x0000000800000000)
  eden space 4096K, 0% used [0x00000007eab00000,0x00000007eab00000,0x00000007eaf00000)
  from space 512K, 31% used [0x00000007eb100000,0x00000007eb128000,0x00000007eb180000)
  to   space 512K, 0% used [0x00000007eb080000,0x00000007eb080000,0x00000007eb100000)
 ParOldGen       total 289280K, used 260997K [0x00000007c0000000, 0x00000007d1a80000, 0x00000007eab00000)
  object space 289280K, 90% used [0x00000007c0000000,0x00000007cfee1470,0x00000007d1a80000)
 Metaspace       used 95591K, capacity 100125K, committed 100696K, reserved 1140736K
  class space    used 8673K, capacity 10196K, committed 10368K, reserved 1048576K
}
Event: 11384.124 GC heap before
{Heap before GC invocations=6126 (full 83):
 PSYoungGen      total 4608K, used 4256K [0x00000007eab00000, 0x00000007eb180000, 0x0000000800000000)
  eden space 4096K, 100% used [0x00000007eab00000,0x00000007eaf00000,0x00000007eaf00000)
  from space 512K, 31% used [0x00000007eb100000,0x00000007eb128000,0x00000007eb180000)
  to   space 512K, 0% used [0x00000007eb080000,0x00000007eb080000,0x00000007eb100000)
 ParOldGen       total 289280K, used 260997K [0x00000007c0000000, 0x00000007d1a80000, 0x00000007eab00000)
  object space 289280K, 90% used [0x00000007c0000000,0x00000007cfee1470,0x00000007d1a80000)
 Metaspace       used 95591K, capacity 100125K, committed 100696K, reserved 1140736K
  class space    used 8673K, capacity 10196K, committed 10368K, reserved 1048576K
}
Event: 11384.127 GC heap after
{Heap after GC invocations=6126 (full 83):
 PSYoungGen      total 5632K, used 256K [0x00000007eab00000, 0x00000007eb180000, 0x0000000800000000)
  eden space 5120K, 0% used [0x00000007eab00000,0x00000007eab00000,0x00000007eb000000)
  from space 512K, 50% used [0x00000007eb080000,0x00000007eb0c0000,0x00000007eb100000)
  to   space 512K, 0% used [0x00000007eb100000,0x00000007eb100000,0x00000007eb180000)
 ParOldGen       total 289280K, used 261085K [0x00000007c0000000, 0x00000007d1a80000, 0x00000007eab00000)
  object space 289280K, 90% used [0x00000007c0000000,0x00000007cfef7470,0x00000007d1a80000)
 Metaspace       used 95591K, capacity 100125K, committed 100696K, reserved 1140736K
  class space    used 8673K, capacity 10196K, committed 10368K, reserved 1048576K
}

